idx	label	predict	radius	correct	time
0	3	6	0.0901	0	0:00:13.174281
20	7	9	0.313	0	0:00:12.446496
40	4	-1	0.0	0	0:00:12.447867
60	7	7	0.533	1	0:00:12.449103
80	8	8	1.82	1	0:00:12.449376
100	4	5	0.0405	0	0:00:12.451121
120	8	8	1.78	1	0:00:12.451740
140	6	2	0.196	0	0:00:12.452521
160	2	-1	0.0	0	0:00:12.454637
180	0	0	1.85	1	0:00:12.452029
200	5	3	1.82	0	0:00:12.461564
220	7	7	2.95	1	0:00:12.462038
240	1	1	3.09	1	0:00:12.458526
260	8	5	0.236	0	0:00:12.454968
280	9	9	2.99	1	0:00:12.455257
300	6	6	1.01	1	0:00:12.456798
320	3	5	1.13	0	0:00:12.454008
340	2	-1	0.0	0	0:00:12.455480
360	9	6	0.0726	0	0:00:12.455105
380	6	6	1.14	1	0:00:12.456828
400	9	9	2.38	1	0:00:12.456126
420	4	6	1.27	0	0:00:12.458043
440	1	1	1.16	1	0:00:12.456397
460	5	5	2.26	1	0:00:12.455660
480	8	9	1.53	0	0:00:12.455029
500	4	6	0.263	0	0:00:12.454781
520	5	5	1.11	1	0:00:12.455882
540	1	9	0.287	0	0:00:12.456901
560	0	0	1.53	1	0:00:12.455756
580	4	6	1.13	0	0:00:12.456409
600	8	8	0.372	1	0:00:12.457156
620	7	-1	0.0	0	0:00:12.453871
640	5	3	1.34	0	0:00:12.456002
660	9	9	2.54	1	0:00:12.457375
680	9	9	1.35	1	0:00:12.457763
700	7	7	2.06	1	0:00:12.454046
720	4	9	0.168	0	0:00:12.457766
740	2	5	0.969	0	0:00:12.457376
760	3	9	0.498	0	0:00:12.457979
780	9	9	0.828	1	0:00:12.457333
800	7	7	2.49	1	0:00:12.459389
820	6	9	0.938	0	0:00:12.457713
840	7	7	3.74	1	0:00:12.456819
860	4	4	0.809	1	0:00:12.457541
880	8	8	3.74	1	0:00:12.457940
900	2	6	1.17	0	0:00:12.458921
920	6	2	1.61	0	0:00:12.457315
940	9	9	0.697	1	0:00:12.456477
960	9	9	2.14	1	0:00:12.457912
980	2	6	2.89	0	0:00:12.458845
1000	5	5	2.87	1	0:00:12.458555
1020	1	1	0.362	1	0:00:12.458990
1040	7	5	3.1	0	0:00:12.458994
1060	9	9	1.38	1	0:00:12.458588
1080	6	6	2.11	1	0:00:12.464066
1100	7	8	2.26	0	0:00:12.457579
1120	5	2	0.52	0	0:00:12.460202
1140	6	6	0.893	1	0:00:12.458607
1160	8	8	0.0285	1	0:00:12.460502
1180	3	9	1.43	0	0:00:12.459780
1200	8	8	0.18	1	0:00:12.461350
1220	9	-1	0.0	0	0:00:12.454351
1240	2	6	2.54	0	0:00:12.458784
1260	1	9	1.66	0	0:00:12.454824
1280	3	7	0.506	0	0:00:12.455857
1300	4	6	0.0212	0	0:00:12.458324
1320	7	7	1.21	1	0:00:12.456953
1340	1	1	2.42	1	0:00:12.456162
1360	7	7	0.696	1	0:00:12.459186
1380	4	5	0.98	0	0:00:12.458692
1400	5	5	0.583	1	0:00:12.457314
1420	4	7	0.375	0	0:00:12.460331
1440	0	0	0.712	1	0:00:12.460433
1460	6	6	1.1	1	0:00:12.459481
1480	1	-1	0.0	0	0:00:12.460091
1500	1	9	1.34	0	0:00:12.455505
1520	7	7	0.177	1	0:00:12.458365
1540	8	8	2.08	1	0:00:12.456689
1560	7	7	3.65	1	0:00:12.455968
1580	6	1	0.397	0	0:00:12.455464
1600	8	9	0.621	0	0:00:12.456396
1620	5	-1	0.0	0	0:00:12.457052
1640	7	5	0.834	0	0:00:12.457285
1660	3	5	0.772	0	0:00:12.458514
1680	6	6	3.0	1	0:00:12.464135
1700	5	2	1.89	0	0:00:12.455524
1720	4	2	0.16	0	0:00:12.456069
1740	1	9	1.15	0	0:00:12.454711
1760	0	8	1.43	0	0:00:12.457329
1780	7	9	0.482	0	0:00:12.455549
1800	4	8	1.38	0	0:00:12.458692
1820	8	9	0.0932	0	0:00:12.456071
1840	8	-1	0.0	0	0:00:12.455819
1860	8	8	1.86	1	0:00:12.455179
1880	1	1	2.03	1	0:00:12.456645
1900	8	8	3.09	1	0:00:12.454839
1920	2	-1	0.0	0	0:00:12.455841
1940	5	2	1.25	0	0:00:12.455650
1960	2	5	1.16	0	0:00:12.458005
1980	9	9	2.2	1	0:00:12.456028
2000	1	6	0.168	0	0:00:12.454884
2020	9	9	3.53	1	0:00:12.455722
2040	0	8	2.27	0	0:00:12.454952
2060	5	5	2.53	1	0:00:12.456660
2080	1	1	1.14	1	0:00:12.455837
2100	2	4	1.06	0	0:00:12.458356
2120	4	8	1.27	0	0:00:12.454853
2140	9	9	1.53	1	0:00:12.455528
2160	0	8	2.42	0	0:00:12.453176
2180	4	6	1.11	0	0:00:12.454682
2200	0	0	3.41	1	0:00:12.456941
2220	1	1	1.74	1	0:00:12.456614
2240	9	9	3.04	1	0:00:12.457970
2260	4	-1	0.0	0	0:00:12.455337
2280	4	8	0.596	0	0:00:12.456300
2300	3	6	1.4	0	0:00:12.456205
2320	5	8	0.385	0	0:00:12.458885
2340	7	7	1.69	1	0:00:12.452090
2360	7	7	1.36	1	0:00:12.457259
2380	8	8	1.73	1	0:00:12.455025
2400	0	0	2.44	1	0:00:12.454668
2420	8	1	0.0948	0	0:00:12.454653
2440	7	7	0.181	1	0:00:12.455376
2460	9	9	1.25	1	0:00:12.457114
2480	8	8	1.83	1	0:00:12.455827
2500	4	-1	0.0	0	0:00:12.458672
2520	1	-1	0.0	0	0:00:12.456684
2540	2	3	0.666	0	0:00:12.456824
2560	7	7	0.0301	1	0:00:12.454327
2580	6	4	0.313	0	0:00:12.457317
2600	8	8	3.15	1	0:00:12.456392
2620	1	1	0.334	1	0:00:12.456164
2640	7	7	2.06	1	0:00:12.456613
2660	3	2	0.314	0	0:00:12.454925
2680	0	0	3.37	1	0:00:12.454516
2700	9	9	0.556	1	0:00:12.459170
2720	3	-1	0.0	0	0:00:12.456260
2740	1	1	1.84	1	0:00:12.459790
2760	2	6	1.35	0	0:00:12.456468
2780	7	7	2.68	1	0:00:12.455402
2800	4	6	1.36	0	0:00:12.457830
2820	6	6	2.96	1	0:00:12.456779
2840	3	3	3.81	1	0:00:12.459083
2860	5	7	0.685	0	0:00:12.453569
2880	4	4	2.59	1	0:00:12.455174
2900	3	5	2.37	0	0:00:12.459927
2920	2	-1	0.0	0	0:00:12.458185
2940	3	8	0.0857	0	0:00:12.461679
2960	9	9	0.184	1	0:00:12.457787
2980	8	1	1.73	0	0:00:12.457312
3000	5	5	3.59	1	0:00:12.458014
3020	1	1	1.82	1	0:00:12.456486
3040	7	7	3.81	1	0:00:12.455928
3060	7	7	2.88	1	0:00:12.458625
3080	1	-1	0.0	0	0:00:12.455940
3100	0	0	2.8	1	0:00:12.458025
3120	4	6	2.51	0	0:00:12.459862
3140	8	8	1.69	1	0:00:12.455440
3160	6	4	1.48	0	0:00:12.457085
3180	3	-1	0.0	0	0:00:12.459157
3200	5	7	0.473	0	0:00:12.459505
3220	3	9	0.554	0	0:00:12.457089
3240	4	-1	0.0	0	0:00:12.456388
3260	7	7	0.676	1	0:00:12.456732
3280	3	5	0.783	0	0:00:12.453260
3300	4	-1	0.0	0	0:00:12.455621
3320	2	7	0.476	0	0:00:12.457974
3340	6	6	0.729	1	0:00:12.457672
3360	4	6	1.96	0	0:00:12.457705
3380	8	8	0.384	1	0:00:12.456597
3400	6	4	0.883	0	0:00:12.460909
3420	5	6	1.56	0	0:00:12.458907
3440	2	9	1.21	0	0:00:12.457951
3460	1	1	2.22	1	0:00:12.457777
3480	2	2	3.81	1	0:00:12.454356
3500	1	1	1.45	1	0:00:12.458934
3520	1	1	2.76	1	0:00:12.457558
3540	6	6	0.355	1	0:00:12.459395
3560	1	9	0.796	0	0:00:12.458019
3580	4	1	0.948	0	0:00:12.461111
3600	4	2	1.05	0	0:00:12.456943
3620	0	0	0.0596	1	0:00:12.457458
3640	6	2	1.28	0	0:00:12.457354
3660	0	8	0.623	0	0:00:12.456365
3680	0	2	0.541	0	0:00:12.454146
3700	3	5	1.29	0	0:00:12.457521
3720	2	2	2.05	1	0:00:12.454416
3740	0	0	1.59	1	0:00:12.456923
3760	7	7	3.13	1	0:00:12.455081
3780	4	2	1.29	0	0:00:12.456049
3800	9	9	1.05	1	0:00:12.458271
3820	0	0	1.53	1	0:00:12.457469
3840	6	5	0.142	0	0:00:12.457286
3860	7	7	2.37	1	0:00:12.457645
3880	6	-1	0.0	0	0:00:12.455784
3900	3	0	1.2	0	0:00:12.455181
3920	7	-1	0.0	0	0:00:12.458580
3940	6	6	0.721	1	0:00:12.457465
3960	2	5	1.16	0	0:00:12.459066
3980	9	-1	0.0	0	0:00:12.455229
4000	8	-1	0.0	0	0:00:12.455913
4020	8	-1	0.0	0	0:00:12.456982
4040	0	0	2.01	1	0:00:12.457830
4060	6	6	0.426	1	0:00:12.457747
4080	1	-1	0.0	0	0:00:12.455396
4100	7	7	3.28	1	0:00:12.458167
4120	4	0	2.95	0	0:00:12.455826
4140	5	3	0.2	0	0:00:12.457191
4160	5	2	0.514	0	0:00:12.455730
4180	0	0	0.9	1	0:00:12.456743
4200	4	2	1.95	0	0:00:12.454274
4220	4	0	3.74	0	0:00:12.453691
4240	7	8	1.22	0	0:00:12.454350
4260	8	8	0.717	1	0:00:12.453244
4280	8	8	1.24	1	0:00:12.454753
4300	8	8	1.86	1	0:00:12.454427
4320	1	8	1.8	0	0:00:12.456089
4340	0	0	1.09	1	0:00:12.456919
4360	6	6	1.18	1	0:00:12.458411
4380	9	9	1.36	1	0:00:12.457701
4400	3	-1	0.0	0	0:00:12.454389
4420	5	8	1.54	0	0:00:12.456198
4440	2	6	1.81	0	0:00:12.459084
4460	9	8	0.145	0	0:00:12.456801
4480	9	9	0.511	1	0:00:12.457260
4500	3	-1	0.0	0	0:00:12.456655
4520	3	6	1.91	0	0:00:12.452007
4540	9	9	3.81	1	0:00:12.456414
4560	1	1	1.84	1	0:00:12.454487
4580	6	6	0.648	1	0:00:12.459244
4600	4	7	1.43	0	0:00:12.455801
4620	7	3	2.21	0	0:00:12.455496
4640	2	5	0.279	0	0:00:12.452626
4660	7	2	0.568	0	0:00:12.454932
4680	9	1	1.46	0	0:00:12.455998
4700	6	-1	0.0	0	0:00:12.455324
4720	8	8	0.931	1	0:00:12.456806
4740	5	-1	0.0	0	0:00:12.457341
4760	3	-1	0.0	0	0:00:12.454257
4780	0	0	0.8	1	0:00:12.453008
4800	9	9	3.81	1	0:00:12.458840
4820	3	5	0.766	0	0:00:12.456814
4840	0	0	3.26	1	0:00:12.454709
4860	5	5	2.7	1	0:00:12.455092
4880	0	2	0.617	0	0:00:12.452070
4900	3	6	0.921	0	0:00:12.458893
4920	7	7	0.343	1	0:00:12.456656
4940	6	6	0.274	1	0:00:12.457602
4960	4	6	0.758	0	0:00:12.454675
4980	1	9	2.51	0	0:00:12.457190
5000	7	7	3.46	1	0:00:12.455768
5020	8	8	0.698	1	0:00:12.454553
5040	3	3	0.562	1	0:00:12.456647
5060	6	6	1.77	1	0:00:12.456988
5080	7	7	2.98	1	0:00:12.457427
5100	3	3	0.856	1	0:00:12.457039
5120	9	8	0.351	0	0:00:12.455685
5140	8	8	1.03	1	0:00:12.455230
5160	0	8	0.559	0	0:00:12.454877
5180	9	-1	0.0	0	0:00:12.459275
5200	3	3	3.81	1	0:00:12.456510
5220	0	0	2.38	1	0:00:12.455064
5240	1	-1	0.0	0	0:00:12.458412
5260	0	0	3.65	1	0:00:12.454110
5280	0	8	1.6	0	0:00:12.455509
5300	9	-1	0.0	0	0:00:12.457589
5320	7	7	2.1	1	0:00:12.455130
5340	3	2	0.406	0	0:00:12.457116
5360	9	9	2.52	1	0:00:12.456829
5380	1	9	2.78	0	0:00:12.454320
5400	9	9	0.0441	1	0:00:12.456505
5420	6	6	1.13	1	0:00:12.454838
5440	9	9	3.23	1	0:00:12.454268
5460	0	-1	0.0	0	0:00:12.458255
5480	1	1	0.274	1	0:00:12.454060
5500	8	8	0.0276	1	0:00:12.454480
5520	4	6	0.201	0	0:00:12.457697
5540	5	-1	0.0	0	0:00:12.453736
5560	3	5	0.125	0	0:00:12.454228
5580	5	6	0.645	0	0:00:12.455394
5600	6	9	0.152	0	0:00:12.454319
5620	3	2	1.69	0	0:00:12.454858
5640	2	3	0.216	0	0:00:12.453631
5660	9	9	0.975	1	0:00:12.455541
5680	2	-1	0.0	0	0:00:12.455534
5700	3	-1	0.0	0	0:00:12.456160
5720	9	9	3.16	1	0:00:12.454373
5740	6	-1	0.0	0	0:00:12.454274
5760	2	2	1.12	1	0:00:12.454169
5780	7	7	1.82	1	0:00:12.452863
5800	2	6	0.0507	0	0:00:12.453803
5820	5	6	0.202	0	0:00:12.455199
5840	2	6	0.98	0	0:00:12.452426
5860	0	8	0.542	0	0:00:12.452849
5880	0	0	0.701	1	0:00:12.453521
5900	4	5	0.0279	0	0:00:12.452627
5920	8	8	3.81	1	0:00:12.455019
5940	7	4	1.09	0	0:00:12.452363
5960	2	7	0.517	0	0:00:12.454515
5980	9	9	2.47	1	0:00:12.456243
6000	8	-1	0.0	0	0:00:12.454485
6020	6	6	0.363	1	0:00:12.455935
6040	2	7	0.301	0	0:00:12.457514
6060	3	-1	0.0	0	0:00:12.452568
6080	1	1	0.386	1	0:00:12.457136
6100	1	1	1.17	1	0:00:12.454253
6120	5	5	2.89	1	0:00:12.455423
6140	9	9	2.08	1	0:00:12.454122
6160	2	5	1.28	0	0:00:12.454542
6180	0	9	0.288	0	0:00:12.454435
6200	3	0	0.0295	0	0:00:12.456232
6220	2	6	1.53	0	0:00:12.453412
6240	2	6	0.709	0	0:00:12.455189
6260	2	9	0.209	0	0:00:12.453978
6280	8	5	1.08	0	0:00:12.455270
6300	1	-1	0.0	0	0:00:12.454450
6320	0	0	3.62	1	0:00:12.454315
6340	3	3	0.515	1	0:00:12.454814
6360	2	2	1.06	1	0:00:12.452098
6380	3	6	0.0791	0	0:00:12.455158
6400	0	1	1.17	0	0:00:12.452467
6420	7	-1	0.0	0	0:00:12.451034
6440	3	8	0.41	0	0:00:12.455487
6460	3	1	0.898	0	0:00:12.453395
6480	0	0	1.24	1	0:00:12.454803
6500	7	0	0.586	0	0:00:12.454509
6520	6	4	0.142	0	0:00:12.453892
6540	8	8	1.54	1	0:00:12.454589
6560	6	6	1.8	1	0:00:12.455824
6580	1	-1	0.0	0	0:00:12.453017
6600	7	7	3.81	1	0:00:12.453550
6620	7	7	1.54	1	0:00:12.452901
6640	5	3	0.907	0	0:00:12.453612
6660	0	0	1.72	1	0:00:12.452178
6680	3	3	1.43	1	0:00:12.456597
6700	6	6	0.912	1	0:00:12.454030
6720	2	2	2.53	1	0:00:12.451820
6740	2	6	1.42	0	0:00:12.456040
6760	5	5	0.0152	1	0:00:12.453137
6780	7	7	3.13	1	0:00:12.457789
6800	6	6	2.45	1	0:00:12.454010
6820	1	1	2.68	1	0:00:12.453093
6840	9	9	0.897	1	0:00:12.451896
6860	0	0	2.39	1	0:00:12.450984
6880	2	-1	0.0	0	0:00:12.455571
6900	3	7	1.35	0	0:00:12.451357
6920	5	2	3.19	0	0:00:12.452181
6940	1	1	3.74	1	0:00:12.451538
6960	9	8	2.15	0	0:00:12.454901
6980	0	9	1.66	0	0:00:12.452629
7000	2	8	0.266	0	0:00:12.455693
7020	7	7	1.14	1	0:00:12.451435
7040	7	8	1.03	0	0:00:12.454441
7060	8	8	1.48	1	0:00:12.456177
7080	5	-1	0.0	0	0:00:12.451958
7100	9	9	0.346	1	0:00:12.453511
7120	7	7	1.63	1	0:00:12.454051
7140	4	4	0.657	1	0:00:12.454896
7160	5	-1	0.0	0	0:00:12.454165
7180	6	6	2.84	1	0:00:12.457314
7200	4	6	0.175	0	0:00:12.451870
7220	9	9	0.598	1	0:00:12.455259
7240	0	8	1.65	0	0:00:12.452362
7260	1	8	0.297	0	0:00:12.451228
7280	1	1	0.666	1	0:00:12.453414
7300	3	7	0.528	0	0:00:12.453586
7320	8	8	0.186	1	0:00:12.452402
7340	2	4	0.00138	0	0:00:12.452282
7360	2	7	0.129	0	0:00:12.455662
7380	7	7	0.855	1	0:00:12.455224
7400	3	-1	0.0	0	0:00:12.454185
7420	3	0	2.21	0	0:00:12.453471
7440	3	6	0.443	0	0:00:12.453792
7460	5	5	3.69	1	0:00:12.454682
7480	1	5	0.246	0	0:00:12.452275
7500	6	6	3.33	1	0:00:12.455250
7520	4	6	1.11	0	0:00:12.452914
7540	5	5	3.81	1	0:00:12.457108
7560	0	-1	0.0	0	0:00:12.453326
7580	8	8	1.5	1	0:00:12.454880
7600	8	9	1.37	0	0:00:12.454676
7620	5	3	0.573	0	0:00:12.453703
7640	9	9	0.756	1	0:00:12.455086
7660	7	-1	0.0	0	0:00:12.454665
7680	3	9	1.1	0	0:00:12.455573
7700	6	6	2.77	1	0:00:12.453262
7720	5	5	0.29	1	0:00:12.456511
7740	4	2	0.297	0	0:00:12.453668
7760	2	9	1.1	0	0:00:12.455885
7780	3	8	0.101	0	0:00:12.454834
7800	0	0	2.05	1	0:00:12.455891
7820	5	8	0.645	0	0:00:12.451787
7840	1	1	3.0	1	0:00:12.458224
7860	8	1	0.121	0	0:00:12.455780
7880	0	0	1.0	1	0:00:12.455813
7900	0	8	1.57	0	0:00:12.455304
7920	9	8	1.22	0	0:00:12.452964
7940	2	6	2.9	0	0:00:12.455243
7960	0	0	1.32	1	0:00:12.452249
7980	3	7	0.111	0	0:00:12.451824
8000	9	9	1.24	1	0:00:12.452935
8020	6	6	1.63	1	0:00:12.453788
8040	2	6	1.35	0	0:00:12.455979
8060	6	6	0.97	1	0:00:12.453833
8080	4	6	0.735	0	0:00:12.452927
8100	6	2	1.96	0	0:00:12.453302
8120	8	9	0.703	0	0:00:12.455326
8140	5	4	0.0859	0	0:00:12.454149
8160	6	-1	0.0	0	0:00:12.453976
8180	4	6	1.98	0	0:00:12.456306
8200	3	-1	0.0	0	0:00:12.451818
8220	6	6	0.308	1	0:00:12.452018
8240	7	7	3.04	1	0:00:12.454933
8260	1	1	1.45	1	0:00:12.451990
8280	4	3	0.25	0	0:00:12.455195
8300	5	2	1.57	0	0:00:12.452224
8320	7	-1	0.0	0	0:00:12.454813
8340	5	5	0.16	1	0:00:12.450210
8360	7	7	0.76	1	0:00:12.456002
8380	9	9	0.291	1	0:00:12.453804
8400	0	8	1.02	0	0:00:12.453855
8420	3	6	0.039	0	0:00:12.449263
8440	5	-1	0.0	0	0:00:12.452104
8460	8	8	2.8	1	0:00:12.451109
8480	2	1	0.22	0	0:00:12.455727
8500	4	2	0.459	0	0:00:12.453088
8520	8	-1	0.0	0	0:00:12.453870
8540	4	2	0.196	0	0:00:12.452808
8560	7	7	2.04	1	0:00:12.455873
8580	3	0	1.13	0	0:00:12.457810
8600	3	7	0.638	0	0:00:12.453665
8620	3	-1	0.0	0	0:00:12.453816
8640	1	1	3.43	1	0:00:12.455301
8660	7	5	0.945	0	0:00:12.453473
8680	3	-1	0.0	0	0:00:12.455206
8700	3	3	1.76	1	0:00:12.453815
8720	2	0	3.55	0	0:00:12.453642
8740	2	6	0.382	0	0:00:12.453828
8760	8	8	1.45	1	0:00:12.455280
8780	4	-1	0.0	0	0:00:12.454048
8800	0	0	3.74	1	0:00:12.452189
8820	2	2	1.69	1	0:00:12.448798
8840	2	1	1.14	0	0:00:12.455289
8860	2	2	0.598	1	0:00:12.451463
8880	1	1	1.52	1	0:00:12.451973
8900	2	6	0.00313	0	0:00:12.451314
8920	6	6	2.93	1	0:00:12.450838
8940	6	3	0.184	0	0:00:12.452225
8960	0	0	3.33	1	0:00:12.446992
8980	9	9	2.61	1	0:00:12.455658
9000	8	8	3.47	1	0:00:12.451593
9020	7	9	0.189	0	0:00:12.455005
9040	2	5	2.22	0	0:00:12.454200
9060	9	5	1.32	0	0:00:12.452859
9080	3	0	1.57	0	0:00:12.452261
9100	9	6	0.145	0	0:00:12.454948
9120	3	0	0.874	0	0:00:12.454677
9140	7	-1	0.0	0	0:00:12.452685
9160	5	5	1.47	1	0:00:12.454252
9180	5	5	3.81	1	0:00:12.453496
9200	8	8	3.31	1	0:00:12.454246
9220	8	8	3.53	1	0:00:12.455486
9240	8	8	1.07	1	0:00:12.454208
9260	5	5	1.45	1	0:00:12.454093
9280	9	0	0.407	0	0:00:12.451630
9300	5	5	0.582	1	0:00:12.454901
9320	9	9	1.68	1	0:00:12.453331
9340	1	1	1.77	1	0:00:12.453861
9360	5	-1	0.0	0	0:00:12.453324
9380	5	5	0.556	1	0:00:12.456280
9400	6	6	0.449	1	0:00:12.454578
9420	5	5	0.287	1	0:00:12.454924
9440	8	8	3.31	1	0:00:12.452978
9460	3	-1	0.0	0	0:00:12.455775
9480	2	4	0.149	0	0:00:12.457034
9500	9	1	0.647	0	0:00:12.456971
9520	1	1	1.24	1	0:00:12.453076
9540	5	5	1.58	1	0:00:12.455777
9560	9	7	2.63	0	0:00:12.451594
9580	1	1	0.188	1	0:00:12.455805
9600	8	8	2.27	1	0:00:12.451484
9620	4	7	0.208	0	0:00:12.451356
9640	5	6	0.518	0	0:00:12.457202
9660	6	6	1.99	1	0:00:12.452395
9680	8	8	1.24	1	0:00:12.454915
9700	0	0	2.35	1	0:00:12.450276
9720	8	-1	0.0	0	0:00:12.454894
9740	3	6	1.46	0	0:00:12.452934
9760	9	9	1.06	1	0:00:12.452899
9780	4	6	3.04	0	0:00:12.456212
9800	1	1	2.88	1	0:00:12.452285
9820	0	-1	0.0	0	0:00:12.455895
9840	4	3	1.2	0	0:00:12.455579
9860	0	8	0.225	0	0:00:12.453648
9880	7	7	1.83	1	0:00:12.456208
9900	8	0	1.64	0	0:00:12.452786
9920	6	6	3.35	1	0:00:12.455300
9940	4	-1	0.0	0	0:00:12.455925
9960	2	0	3.81	0	0:00:12.454723
9980	0	0	3.81	1	0:00:12.452281
